<?xml version="1.0" encoding="utf-8"?>
<test-run id="2" testcasecount="5" result="Passed" total="5" passed="5" failed="0" inconclusive="0" skipped="0" asserts="0" engine-version="3.5.0.0" clr-version="4.0.30319.42000" start-time="2021-12-29 05:42:17Z" end-time="2021-12-29 05:42:19Z" duration="1.7184462">
  <test-suite type="TestSuite" id="1000" name="Test-2D-Projects" fullname="Test-2D-Projects" runstate="Runnable" testcasecount="5" result="Passed" start-time="2021-12-29 05:42:17Z" end-time="2021-12-29 05:42:19Z" duration="1.718446" total="5" passed="5" failed="0" inconclusive="0" skipped="0" asserts="0">
    <properties />
    <test-suite type="Assembly" id="1007" name="EditMode.dll" fullname="C:/UnityTestProject/Test-2D-Projects/Library/ScriptAssemblies/EditMode.dll" runstate="Runnable" testcasecount="5" result="Passed" start-time="2021-12-29 05:42:18Z" end-time="2021-12-29 05:42:19Z" duration="0.795377" total="5" passed="5" failed="0" inconclusive="0" skipped="0" asserts="0">
      <properties>
        <property name="_PID" value="22408" />
        <property name="_APPDOMAIN" value="Unity Child Domain" />
        <property name="platform" value="EditMode" />
      </properties>
      <test-suite type="TestFixture" id="1001" name="BoxCollider2DTests" fullname="BoxCollider2DTests" classname="BoxCollider2DTests" runstate="Runnable" testcasecount="5" result="Passed" start-time="2021-12-29 05:42:18Z" end-time="2021-12-29 05:42:19Z" duration="0.717501" total="5" passed="5" failed="0" inconclusive="0" skipped="0" asserts="0">
        <properties />
        <test-case id="1002" name="TestBounciness" fullname="BoxCollider2DTests.TestBounciness" methodname="TestBounciness" classname="BoxCollider2DTests" runstate="Runnable" seed="130110816" result="Passed" start-time="2021-12-29 05:42:15Z" end-time="2021-12-29 05:42:15Z" duration="0.015040" asserts="0">
          <properties />
        </test-case>
        <test-case id="1005" name="TestBoundExtents" fullname="BoxCollider2DTests.TestBoundExtents" methodname="TestBoundExtents" classname="BoxCollider2DTests" runstate="Runnable" seed="1872098025" result="Passed" start-time="2021-12-29 05:42:15Z" end-time="2021-12-29 05:42:15Z" duration="0.002100" asserts="0">
          <properties />
        </test-case>
        <test-case id="1006" name="TestBoundsIntersects" fullname="BoxCollider2DTests.TestBoundsIntersects" methodname="TestBoundsIntersects" classname="BoxCollider2DTests" runstate="Runnable" seed="2114578407" result="Passed" start-time="2021-12-29 05:42:15Z" end-time="2021-12-29 05:42:18Z" duration="3.732086" asserts="0">
          <properties>
            <property name="_JOINTYPE" value="UnityCombinatorial" />
          </properties>
        </test-case>
        <test-case id="1004" name="TestBoundSize" fullname="BoxCollider2DTests.TestBoundSize" methodname="TestBoundSize" classname="BoxCollider2DTests" runstate="Runnable" seed="491482479" result="Passed" start-time="2021-12-29 05:42:18Z" end-time="2021-12-29 05:42:18Z" duration="0.005729" asserts="0">
          <properties />
        </test-case>
        <test-case id="1003" name="TestFriction" fullname="BoxCollider2DTests.TestFriction" methodname="TestFriction" classname="BoxCollider2DTests" runstate="Runnable" seed="1555696949" result="Passed" start-time="2021-12-29 05:42:18Z" end-time="2021-12-29 05:42:19Z" duration="0.001331" asserts="0">
          <properties />
        </test-case>
      </test-suite>
    </test-suite>
  </test-suite>
</test-run>